0:100  0:100  MemLog inited, TSC freq: 1796126250
0:100  0:000  CPU was calibrated with RTC
0:100  0:000  
0:100  0:000  Now is 19.5.2019,  19:8:57 (GMT)
0:100  0:000  Starting Clover revision: 4920 on INSYDE Corp. EFI
0:100  0:000  Build with: [Args: -nb -mc --no-usb -D NO_GRUB_DRIVERS_EMBEDDED | -D DISABLE_USB_SUPPORT -D NO_GRUB_DRIVERS_EMBEDDED -D USE_BIOS_BLOCKIO -D USE_LOW_EBDA -D HAVE_LEGACY_EMURUNTIMEDXE -a X64 -b RELEASE -t XCODE8 -n 5 | OS: 10.13.6 | XCODE: 10.1]
0:100  0:000  SelfDevicePath=PciRoot(0x0)\Pci(0x1D,0x0)\Pci(0x0,0x0)\NVMe(0x1,95-8F-11-22-28-B7-26-00)\HD(1,GPT,1C2EF6B6-3FE3-4DCA-8461-31F717FED8E5,0x28,0x64000) @7C8D2718
0:100  0:000  SelfDirPath = \EFI\BOOT
0:100  0:000  === [ Get Smbios ] ========================================
0:100  0:000  Type 16 Index = 0
0:100  0:000  Total Memory Slots Count = 2
0:100  0:000  Type 17 Index = 0
0:100  0:000  SmbiosTable.Type17->Speed = 2400MHz
0:100  0:000  SmbiosTable.Type17->Size = 4096MB
0:100  0:000  SmbiosTable.Type17->Bank/Device = BANK 0 ChannelA-DIMM0
0:100  0:000  SmbiosTable.Type17->Vendor = Samsung
0:100  0:000  SmbiosTable.Type17->SerialNumber = 00000000
0:100  0:000  SmbiosTable.Type17->PartNumber = M471A5244CB0-CTD    
0:100  0:000  Type 17 Index = 1
0:100  0:000  SmbiosTable.Type17->Speed = 2400MHz
0:100  0:000  SmbiosTable.Type17->Size = 4096MB
0:100  0:000  SmbiosTable.Type17->Bank/Device = BANK 2 ChannelB-DIMM0
0:100  0:000  SmbiosTable.Type17->Vendor = 859B
0:100  0:000  SmbiosTable.Type17->SerialNumber = E1CB267D
0:100  0:000  SmbiosTable.Type17->PartNumber = CB4GS2400.C8FT      
0:100  0:000  Boot status=0
0:100  0:000  Running on: '81F4' with board 'LNVNB161216'
0:100  0:000  === [ GetCPUProperties ] ==================================
0:100  0:000  CPU Vendor = 756E6547 Model=806EA
0:100  0:000   The CPU supported SSE4.1
0:100  0:000  BrandString = Intel(R) Core(TM) i5-8250U CPU @ 1.60GHz
0:100  0:000   The CPU supported turbo
0:100  0:000  MSR 0x35               40008
0:100  0:000   TSC/CCC Information Leaf:
0:100  0:000    numerator     : 150
0:100  0:000    denominator   : 2
0:100  0:000   Calibrated ARTFrequency: 23948350
0:100  0:000  MSR 0xE2 before patch 1E008008
0:100  0:000  MSR 0xE2 is locked, PM patches will be turned on
0:100  0:000  MSR 0xCE              0004043D_F1011200
0:100  0:000  corrected FLEX_RATIO = 0
0:100  0:000  MSR 0x1B0             00000000
0:100  0:000  FSBFrequency = 89 MHz, DMI FSBFrequency = 100 MHz, Corrected FSBFrequency = 100 MHz
0:100  0:000  MaxDiv/MinDiv: 18.0/4
0:100  0:000  Turbo: 34/34/34/34
0:100  0:000  Features: 0xBFEBFBFF
0:100  0:000  Threads: 8
0:100  0:000  Cores: 4
0:100  0:000  FSB: 100 MHz
0:100  0:000  CPU: 1600 MHz
0:100  0:000  TSC: 1600 MHz
0:100  0:000  PIS: 100 MHz
0:100  0:000  ExternalClock: 25 MHz
0:100  0:000  === [ GetDevices ] ========================================
0:100  0:000  PCI (00|00:00.00) : 8086 5914 class=060000
0:100  0:000  PCI (00|00:02.00) : 8086 5917 class=030000
0:100  0:000   - GFX: Model=Intel UHD Graphics 620 (Intel)
0:100  0:000  PCI (00|00:04.00) : 8086 1903 class=118000
0:100  0:000  PCI (00|00:14.00) : 8086 9D2F class=0C0330
0:100  0:000  PCI (00|00:14.02) : 8086 9D31 class=118000
0:100  0:000  PCI (00|00:15.00) : 8086 9D60 class=118000
0:100  0:000  PCI (00|00:16.00) : 8086 9D3A class=078000
0:100  0:000  PCI (00|00:17.00) : 8086 9D03 class=010601
0:100  0:000  PCI (00|00:1C.00) : 8086 9D15 class=060400
0:101  0:000  PCI (00|01:00.00) : 14E4 43B1 class=028000
0:101  0:000   - WIFI: Vendor=Broadcom
0:101  0:000  PCI (00|00:1D.00) : 8086 9D18 class=060400
0:101  0:000  PCI (00|02:00.00) : 2646 5008 class=010802
0:101  0:000  PCI (00|00:1F.00) : 8086 9D4E class=060100
0:101  0:000  PCI (00|00:1F.02) : 8086 9D21 class=058000
0:101  0:000  PCI (00|00:1F.03) : 8086 9D71 class=040300
0:101  0:000  PCI (00|00:1F.04) : 8086 9D23 class=0C0500
0:101  0:000  === [ GetDefaultSettings ] ================================
0:101  0:000  Clover load options size = 0 bytes
0:103  0:001  EFI\CLOVER\config.plist loaded: Success
0:103  0:000  === [ GetListOfThemes ] ===================================
0:103  0:000  - [00]: random
0:104  0:000  - [00]: embedded
0:104  0:000  === [ Found config plists ] ===============================
0:104  0:000  - config.plist
0:105  0:000  === [ GetEarlyUserSettings ] ==============================
0:105  0:000  timeout set to 5
0:105  0:000  Custom boot CUSTOM_BOOT_DISABLED (0x0)
0:105  0:000  ForceKextsToLoad: 1 requested
0:105  0:000   - [0]: System\Library\Extensions\IONetworkingFamily.kext
0:105  0:000  KernelToPatch: 3 requested
0:105  0:000   - [00]: MSR 0xE2 _xcpm_idle instant reboot(c) Pike R. Alpha :: data len: 8
0:105  0:000   - [01]: Disable panic kext logging on 10.13 release kernel (credit vit9696) :: MatchOS: 10.13.x :: data len: 6
0:105  0:000   - [02]: Disable panic kext logging on 10.14 release kernel (credit vit9696) :: MatchOS: 10.14.x :: data len: 6
0:105  0:000  Default theme: BGM
0:105  0:000  Hiding entries with string Preboot
0:105  0:000  === [ LoadDrivers ] =======================================
0:106  0:000  Loading DataHubDxe-64.efi  status=Success
0:117  0:010  Loading FSInject-64.efi  status=Success
0:123  0:006  Loading ApfsDriverLoader-64.efi  status=Success
0:130  0:006   - driver needs connecting
0:130  0:000  Loading AptioMemoryFix-64.efi  status=Success
0:150  0:020  Loading NvmExpressDxe-64.efi  status=Success
0:167  0:017   - driver needs connecting
0:167  0:000  Loading HFSPlus.efi  status=Success
0:178  0:010   - driver needs connecting
0:178  0:000  Loading VirtualSmc.efi  status=Success
0:186  0:008  3 drivers needs connecting ...
0:186  0:000  PlatformDriverOverrideProtocol->GetDriver overriden
0:186  0:000  HFS+ driver loaded
0:186  0:000  APFS driver loaded
0:187  0:000  Searching for invalid DiskIo BY_DRIVER connects: not found, all ok
0:442  0:255  === [ InitScreen ] ========================================
0:442  0:000  Console modes reported: 7, available modes:
0:442  0:000   - [01]: 80x25
0:442  0:000   - [02]: 80x50
0:442  0:000   - [03]: 80x25
0:442  0:000   - [04]: 240x56 (current mode)
0:442  0:000   - [05]: 100x31
0:442  0:000   - [06]: 128x40
0:442  0:000   - [07]: 160x53
0:442  0:000  SetMaxResolution: found best mode 0: 1920x1080
0:442  0:000   - already set
0:442  0:000  SetScreenResolution: 1920x1080 - already set
0:442  0:000  reinit: self device path=PciRoot(0x0)\Pci(0x1D,0x0)\Pci(0x0,0x0)\NVMe(0x1,95-8F-11-22-28-B7-26-00)\HD(1,GPT,1C2EF6B6-3FE3-4DCA-8461-31F717FED8E5,0x28,0x64000)
0:443  0:000  Using embedded font: Success
0:444  0:000  === [ GetMacAddress ] =====================================
0:444  0:000  === [ ScanSPD ] ===========================================
0:444  0:000  Scanning SMBus [8086:9D23], mmio: 0xB1436004, ioport: 0x4040, hostc: 0x11
0:461  0:016  Slot: 2 Type 26 4096MB 2400MHz Vendor=Crucial Technology PartNo=CB4GS2400.C8FT SerialNo=0E010C0B0206070D
0:462  0:000  === [ GetAcpiTablesList ] =================================
0:462  0:000  Get Acpi Tables List from RSDT:
0:462  0:000   - [00]: FACP  CB-01    len=268
0:462  0:000   - [01]: UEFI  CB-01    len=566
0:462  0:000   - [02]: UEFI  CB-01    len=66
0:462  0:000   - [03]: MSDM  CB-01    len=85
0:462  0:000   - [04]: SSDT  CB-01    len=1219
0:462  0:000   - [05]: SSDT  CB-01    len=70
0:462  0:000   - [06]: TPM2  CB-01    len=52
0:462  0:000   - [07]: SSDT  CB-01    len=12587
0:462  0:000   - [08]: SSDT  CB-01    len=14796
0:462  0:000   - [09]: SSDT  CB-01    len=100
0:462  0:000   - [10]: SSDT  CB-01    len=2602
0:462  0:000   - [11]: ASF!  CB-01    len=165
0:462  0:000   - [12]: ASPT  CB-01    len=52
0:462  0:000   - [13]: BOOT  CB-01    len=40
0:462  0:000   - [14]: DBGP  CB-01    len=52
0:462  0:000   - [15]: HPET  CB-01    len=56
0:462  0:000   - [16]: APIC  CB-01    len=300
0:462  0:000   - [17]: MCFG  CB-01    len=60
0:462  0:000   - [18]: SSDT  CB-01    len=1303
0:462  0:000   - [19]: SSDT  CB-01    len=4577
0:462  0:000   - [20]: LPIT  CB-01    len=148
0:462  0:000   - [21]: WSMT  CB-01    len=40
0:462  0:000   - [22]: SSDT  CB-01    len=671
0:462  0:000   - [23]: SSDT  CB-01    len=838
0:462  0:000   - [24]: SSDT  CB-01    len=12290
0:462  0:000   - [25]: SSDT  CB-01    len=1310
0:462  0:000   - [26]: DBGP  CB-01    len=52
0:462  0:000   - [27]: DBG2  CB-01    len=84
0:462  0:000   - [28]: SSDT  CB-01    len=4838
0:462  0:000   - [29]: SSDT  CB-01    len=6062
0:462  0:000   - [30]: DMAR  CB-01    len=168
0:462  0:000   - [31]: FPDT  CB-01    len=68
0:462  0:000   - [32]: BGRT  CB-01    len=56
0:462  0:000  Calibrated TSC Frequency = 1796126250 = 1796MHz
0:462  0:000  === [ GetUserSettings ] ===================================
0:462  0:000  Add 2 devices:
0:462  0:000  USB FixOwnership: yes
0:462  0:000  Dropping 3 tables:
0:462  0:000   - [00]: Drop table  signature="#MCF" (46434D23)
0:462  0:000           - set table: 46434D23,                0 to drop: no
0:462  0:000   - [01]: Drop table  signature="DMAR" (52414D44)
0:462  0:000           - set table: 52414D44,                0 to drop: yes
0:462  0:000   - [02]: Drop table  signature="SSDT" (54445353) table-id="xh_rvp10" (30317076725F6878)
0:462  0:000           - set table: 54445353, 30317076725F6878 to drop: no
0:462  0:000   - final DSDT Fix mask=00000000
0:462  0:000  PatchesDSDT: 10 requested
0:462  0:000   - [00]: (change OSID to XSID (to avoid match against _OSI XOSI patch)) lenToFind: 4, lenToReplace: 4, Target Bridge: <null string>
0:462  0:000    patch disabled at config
0:462  0:000   - [01]: (change _OSI to XOSI) lenToFind: 4, lenToReplace: 4, Target Bridge: <null string>
0:462  0:000    patch disabled at config
0:462  0:000   - [02]: (change _DSM to XDSM) lenToFind: 4, lenToReplace: 4, Target Bridge: <null string>
0:462  0:000    patch disabled at config
0:462  0:000   - [03]: (change EC0 to EC) lenToFind: 4, lenToReplace: 4, Target Bridge: <null string>
0:462  0:000    patch disabled at config
0:462  0:000   - [04]: (change H_EC to EC) lenToFind: 4, lenToReplace: 4, Target Bridge: <null string>
0:462  0:000    patch disabled at config
0:462  0:000   - [05]: (change ECDV to EC) lenToFind: 4, lenToReplace: 4, Target Bridge: <null string>
0:462  0:000    patch disabled at config
0:462  0:000   - [06]: (change HDAS to HDEF) lenToFind: 4, lenToReplace: 4, Target Bridge: <null string>
0:462  0:000   - [07]: (change HECI to IMEI) lenToFind: 4, lenToReplace: 4, Target Bridge: <null string>
0:462  0:000   - [08]: (change MEI to IMEI) lenToFind: 4, lenToReplace: 4, Target Bridge: <null string>
0:462  0:000   - [09]: (change GFX0 to IGPU) lenToFind: 4, lenToReplace: 4, Target Bridge: <null string>
0:462  0:000  Using ProductName from config: MacBookPro15,2
0:462  0:000  Found same BiosVersion in clover and config
0:462  0:000  BiosVersion: MBP152.88Z.F000.B00.1809171524
0:462  0:000  BiosReleaseDate: 09/17/2018
0:462  0:000  Using EfiVersion from config: 220.250.320.0.0
0:462  0:000  Using FirmwareFeatures from config: 0xFC0FE137
0:462  0:000  Using FirmwareFeaturesMask from config: 0xFF1FFF3F
0:462  0:000  Board-ID set from config as Mac-827FB448E656EC26
0:462  0:000  BoardType: 0xA
0:462  0:000  ChassisType: 0x9
0:462  0:000  Converted CustomUUID 66AD2506-842B-57B7-9995-29773FBCE9EB
0:463  0:000  === [ Found DSDT tables ] =================================
0:465  0:002  === [ ScanVolumes ] =======================================
0:465  0:000  Found 13 volumes with blockIO
0:465  0:000  - [00]: Volume: PciRoot(0x0)\Pci(0x17,0x0)\Sata(0x0,0x0,0x0)
0:466  0:000          Result of bootcode detection: bootable unknown (legacy)
0:466  0:000  - [01]: Volume: PciRoot(0x0)\Pci(0x17,0x0)\Sata(0x0,0x0,0x0)\HD(1,GPT,F27893EA-95F0-4470-A5BB-230A5F0F6EAE,0x800,0xF9800)
0:466  0:000          Result of bootcode detection: bootable Windows (vista,win)
0:466  0:000  - [02]: Volume: PciRoot(0x0)\Pci(0x17,0x0)\Sata(0x0,0x0,0x0)\HD(2,GPT,62790592-0086-4FAC-BA8F-7F9AA8D3C082,0xFA000,0x31800)
0:466  0:000          Result of bootcode detection: bootable Windows (vista,win)
0:466  0:000  - [03]: Volume: PciRoot(0x0)\Pci(0x17,0x0)\Sata(0x0,0x0,0x0)\HD(3,GPT,DCCEAD0D-6A9A-4D01-B91F-A33AA536E84C,0x12B800,0x8000)
0:466  0:000  - [04]: Volume: PciRoot(0x0)\Pci(0x17,0x0)\Sata(0x0,0x0,0x0)\HD(4,GPT,1E351EC6-E31E-40AE-B823-C3C511ACF423,0x133800,0x1E000000)
0:467  0:000          Result of bootcode detection: bootable Windows (vista,win)
0:467  0:000  - [05]: Volume: PciRoot(0x0)\Pci(0x17,0x0)\Sata(0x0,0x0,0x0)\HD(5,GPT,EA35CFAB-4E53-41D1-BED5-514F168BE5C8,0x1E133800,0x1C252800)
0:467  0:000          Result of bootcode detection: bootable Windows (vista,win)
0:467  0:000  - [06]: Volume: PciRoot(0x0)\Pci(0x1D,0x0)\Pci(0x0,0x0)\NVMe(0x1,95-8F-11-22-28-B7-26-00)
0:467  0:000  - [07]: Volume: PciRoot(0x0)\Pci(0x1D,0x0)\Pci(0x0,0x0)\NVMe(0x1,95-8F-11-22-28-B7-26-00)\HD(1,GPT,1C2EF6B6-3FE3-4DCA-8461-31F717FED8E5,0x28,0x64000)
0:467  0:000          Result of bootcode detection: bootable unknown (legacy)
0:467  0:000          This is SelfVolume !!
0:467  0:000  - [08]: Volume: PciRoot(0x0)\Pci(0x1D,0x0)\Pci(0x0,0x0)\NVMe(0x1,95-8F-11-22-28-B7-26-00)\HD(2,GPT,BC928025-649D-4B0B-BCF4-B1F64720108C,0x64028,0x1BEC0460)
0:468  0:000          Result of bootcode detection: bootable unknown (legacy)
0:468  0:000  - [09]: Volume: PciRoot(0x0)\Pci(0x1D,0x0)\Pci(0x0,0x0)\NVMe(0x1,95-8F-11-22-28-B7-26-00)\HD(2,GPT,BC928025-649D-4B0B-BCF4-B1F64720108C,0x64028,0x1BEC0460)\VenMedia(BE74FCF7-0B7C-49F3-9147-01F4042E6842,314458A8D359954997587C127B33687F)
0:468  0:000          hiding this volume
0:468  0:000  - [10]: Volume: PciRoot(0x0)\Pci(0x1D,0x0)\Pci(0x0,0x0)\NVMe(0x1,95-8F-11-22-28-B7-26-00)\HD(2,GPT,BC928025-649D-4B0B-BCF4-B1F64720108C,0x64028,0x1BEC0460)\VenMedia(BE74FCF7-0B7C-49F3-9147-01F4042E6842,F4966DD01254D33D86EC2080945154D8)
0:468  0:000  - [11]: Volume: PciRoot(0x0)\Pci(0x1D,0x0)\Pci(0x0,0x0)\NVMe(0x1,95-8F-11-22-28-B7-26-00)\HD(2,GPT,BC928025-649D-4B0B-BCF4-B1F64720108C,0x64028,0x1BEC0460)\VenMedia(BE74FCF7-0B7C-49F3-9147-01F4042E6842,33FBA7D94FB3474680A40748C109668C)
0:468  0:000  - [12]: Volume: PciRoot(0x0)\Pci(0x1D,0x0)\Pci(0x0,0x0)\NVMe(0x1,95-8F-11-22-28-B7-26-00)\HD(2,GPT,BC928025-649D-4B0B-BCF4-B1F64720108C,0x64028,0x1BEC0460)\VenMedia(BE74FCF7-0B7C-49F3-9147-01F4042E6842,5B0D70954EA84B4FBCAAE91178C6C8F1)
0:468  0:000  No AudioIoProtocols, status=Not Found
0:468  0:000  === [ InitTheme ] =========================================
0:468  0:000  use daylight theme
0:468  0:000   using embedded theme
0:468  0:000  got embedded sound
0:468  0:000    Channels: 2  Sample rate: 8000 Hz  Bits: 16
0:468  0:000  output to channel 0 with volume 70, len=25600
0:468  0:000   sound channels=2 bits=16 freq=8000
0:468  0:000  sound converted to 48kHz
0:468  0:000  not found AudioIo to play
0:468  0:000  sound play end with status=73C40434
0:469  0:000  Using embedded font: Success
0:469  0:000  theme inited
0:469  0:000  Chosen embedded theme
0:469  0:000  after NVRAM boot-args=dart=0 nv_disable=1 -cdfon -igfxnohdmi -v
0:469  0:000  === [ Dump SMC keys from NVRAM ] ==========================
0:469  0:000  found AppleSMC protocol
0:492  0:022  === [ AddCustomEntries ] ==================================
0:492  0:000  Custom entry 0 Title:"Recovery" Path:"\com.apple.recovery.boot\boot.efi" Type:10 Flags:0x6 matching all volumes
0:492  0:000      Checking volume "EFI" (PciRoot(0x0)\Pci(0x17,0x0)\Sata(0x0,0x0,0x0)\HD(2,GPT,62790592-0086-4FAC-BA8F-7F9AA8D3C082,0xFA000,0x31800)) ... skipped because path does not exist
0:492  0:000      Checking volume "EFI" (PciRoot(0x0)\Pci(0x1D,0x0)\Pci(0x0,0x0)\NVMe(0x1,95-8F-11-22-28-B7-26-00)\HD(1,GPT,1C2EF6B6-3FE3-4DCA-8461-31F717FED8E5,0x28,0x64000)) ... skipped because path does not exist
0:492  0:000      Checking volume "Preboot" (PciRoot(0x0)\Pci(0x1D,0x0)\Pci(0x0,0x0)\NVMe(0x1,95-8F-11-22-28-B7-26-00)\HD(2,GPT,BC928025-649D-4B0B-BCF4-B1F64720108C,0x64028,0x1BEC0460)\VenMedia(BE74FCF7-0B7C-49F3-9147-01F4042E6842,314458A8D359954997587C127B33687F)) ... skipped because volume is hidden
0:492  0:000      Checking volume "macOS" (PciRoot(0x0)\Pci(0x1D,0x0)\Pci(0x0,0x0)\NVMe(0x1,95-8F-11-22-28-B7-26-00)\HD(2,GPT,BC928025-649D-4B0B-BCF4-B1F64720108C,0x64028,0x1BEC0460)\VenMedia(BE74FCF7-0B7C-49F3-9147-01F4042E6842,F4966DD01254D33D86EC2080945154D8)) ... skipped because path does not exist
0:492  0:000      Checking volume "Recovery" (PciRoot(0x0)\Pci(0x1D,0x0)\Pci(0x0,0x0)\NVMe(0x1,95-8F-11-22-28-B7-26-00)\HD(2,GPT,BC928025-649D-4B0B-BCF4-B1F64720108C,0x64028,0x1BEC0460)\VenMedia(BE74FCF7-0B7C-49F3-9147-01F4042E6842,33FBA7D94FB3474680A40748C109668C)) ... skipped because path does not exist
0:492  0:000      Checking volume "VM" (PciRoot(0x0)\Pci(0x1D,0x0)\Pci(0x0,0x0)\NVMe(0x1,95-8F-11-22-28-B7-26-00)\HD(2,GPT,BC928025-649D-4B0B-BCF4-B1F64720108C,0x64028,0x1BEC0460)\VenMedia(BE74FCF7-0B7C-49F3-9147-01F4042E6842,5B0D70954EA84B4FBCAAE91178C6C8F1)) ... skipped because path does not exist
0:492  0:000  Custom entry 1 Title:"Windows" Path:"\EFI\Microsoft\Boot\bootmgfw.efi" Options:"-s -h" Type:7 Flags:0x0 matching all volumes
0:492  0:000      Checking volume "EFI" (PciRoot(0x0)\Pci(0x17,0x0)\Sata(0x0,0x0,0x0)\HD(2,GPT,62790592-0086-4FAC-BA8F-7F9AA8D3C082,0xFA000,0x31800)) ... match!
0:493  0:000  Custom settings: <null string>.plist will  be applied
0:493  0:000      Checking volume "EFI" (PciRoot(0x0)\Pci(0x1D,0x0)\Pci(0x0,0x0)\NVMe(0x1,95-8F-11-22-28-B7-26-00)\HD(1,GPT,1C2EF6B6-3FE3-4DCA-8461-31F717FED8E5,0x28,0x64000)) ... skipped because path does not exist
0:493  0:000      Checking volume "Preboot" (PciRoot(0x0)\Pci(0x1D,0x0)\Pci(0x0,0x0)\NVMe(0x1,95-8F-11-22-28-B7-26-00)\HD(2,GPT,BC928025-649D-4B0B-BCF4-B1F64720108C,0x64028,0x1BEC0460)\VenMedia(BE74FCF7-0B7C-49F3-9147-01F4042E6842,314458A8D359954997587C127B33687F)) ... skipped because volume is hidden
0:493  0:000      Checking volume "macOS" (PciRoot(0x0)\Pci(0x1D,0x0)\Pci(0x0,0x0)\NVMe(0x1,95-8F-11-22-28-B7-26-00)\HD(2,GPT,BC928025-649D-4B0B-BCF4-B1F64720108C,0x64028,0x1BEC0460)\VenMedia(BE74FCF7-0B7C-49F3-9147-01F4042E6842,F4966DD01254D33D86EC2080945154D8)) ... skipped because path does not exist
0:493  0:000      Checking volume "Recovery" (PciRoot(0x0)\Pci(0x1D,0x0)\Pci(0x0,0x0)\NVMe(0x1,95-8F-11-22-28-B7-26-00)\HD(2,GPT,BC928025-649D-4B0B-BCF4-B1F64720108C,0x64028,0x1BEC0460)\VenMedia(BE74FCF7-0B7C-49F3-9147-01F4042E6842,33FBA7D94FB3474680A40748C109668C)) ... skipped because path does not exist
0:493  0:000      Checking volume "VM" (PciRoot(0x0)\Pci(0x1D,0x0)\Pci(0x0,0x0)\NVMe(0x1,95-8F-11-22-28-B7-26-00)\HD(2,GPT,BC928025-649D-4B0B-BCF4-B1F64720108C,0x64028,0x1BEC0460)\VenMedia(BE74FCF7-0B7C-49F3-9147-01F4042E6842,5B0D70954EA84B4FBCAAE91178C6C8F1)) ... skipped because path does not exist
0:493  0:000  === [ ScanLoader ] ========================================
0:493  0:000  - [02]: 'EFI'
0:493  0:000          AddLoaderEntry for Volume Name=EFI
0:493  0:000       skipped because path `PciRoot(0x0)\Pci(0x17,0x0)\Sata(0x0,0x0,0x0)\HD(2,GPT,62790592-0086-4FAC-BA8F-7F9AA8D3C082,0xFA000,0x31800)\EFI\microsoft\Boot\bootmgfw.efii` already exists for another entry!
0:493  0:000          AddLoaderEntry for Volume Name=EFI
0:493  0:000          skipped because entry is hidden
0:493  0:000  - [07]: 'EFI'
0:496  0:003          AddLoaderEntry for Volume Name=EFI
0:496  0:000          skipped because entry is hidden
0:497  0:000  - [09]: 'Preboot', hidden
0:497  0:000  - [10]: 'macOS'
0:504  0:007          AddLoaderEntry for Volume Name=macOS
0:505  0:001      hibernated: set as never
0:507  0:001  - [11]: 'Recovery'
0:507  0:000          AddLoaderEntry for Volume Name=Recovery
0:509  0:001  - [12]: 'VM'
0:509  0:000  === [ AddCustomTool ] =====================================
0:510  0:000  found tool \EFI\CLOVER\tools\Shell64U.efi
0:510  0:000  Checking EFI partition Volume 2 for Clover
0:510  0:000  Checking EFI partition Volume 7 for Clover
0:510  0:000   Found Clover
0:511  0:000  === [ GetEfiBootDeviceFromNvram ] =========================
0:511  0:000  Default boot entry not found
0:511  0:000  DefaultIndex=-1 and MainMenu.EntryCount=9
0:558  0:047  GUI ready
15:110  14:551  Found UEFI Acpi 2.0 RSDP at 8CFFD014
15:110  0:000  Saving ACPI tables from RSDP 8CFFD014 to EFI\CLOVER\ACPI\origin ...
15:110  0:000   8CFFD014: 'RSD PTR ', Rev: 2 (Acpi 2.0 or newer), Len: 36 -> RSDP.aml
15:121  0:011    (Xsdt: 8CFC3188, Rsdt: 8CFC30C4)
15:121  0:000    8CFC3188: 'XSDT', 'CB-01', Rev: 1, Len: 300 -> XSDT.aml
15:125  0:003    8CFC30C4: 'RSDT', 'CB-01', Rev: 1, Len: 168 -> RSDT.aml
15:128  0:003    Tables in Xsdt: 33
15:128  0:000    0. 8CFE8000: 'FACP', 'CB-01', Rev: 5, Len: 268 -> FACP.aml
15:132  0:003        (Dsdt: 8CFC7000, Facs: 8CF57000, XDsdt: 8CFC7000, XFacs: 0)
15:132  0:000        8CFC7000: 'DSDT', 'CB-01', Rev: 2, Len: 120485 -> DSDT.aml
15:142  0:010        8CF57000: 'FACS', Ver: 2, Len: 64 -> FACS.aml
15:146  0:003    1. 8CFFC000: 'UEFI', 'CB-01', Rev: 1, Len: 566 -> UEFI.aml
15:150  0:003    2. 8CFFB000: 'UEFI', 'CB-01', Rev: 1, Len: 66 -> UEFI.aml
15:156  0:005    3. 8CFFA000: 'MSDM', 'CB-01', Rev: 3, Len: 85 -> MSDM.aml
15:159  0:003    4. 8CFF9000: 'SSDT', 'CB-01', Rev: 2, Len: 1219 -> SSDT-0-CB-01.aml
15:163  0:003    5. 8CFF8000: 'SSDT', 'CB-01', Rev: 2, Len: 70 -> SSDT-1-CB-01.aml
15:168  0:004    6. 8CFF7000: 'TPM2', 'CB-01', Rev: 3, Len: 52 -> TPM2.aml
15:172  0:004    7. 8CFF3000: 'SSDT', 'CB-01', Rev: 2, Len: 12587 -> SSDT-2-CB-01.aml
15:176  0:004    8. 8CFEF000: 'SSDT', 'CB-01', Rev: 2, Len: 14796 -> SSDT-3-CB-01.aml
15:182  0:005    9. 8CFEE000: 'SSDT', 'CB-01', Rev: 2, Len: 100 -> SSDT-4-CB-01.aml
15:187  0:004    10. 8CFED000: 'SSDT', 'CB-01', Rev: 2, Len: 2602 -> SSDT-5-CB-01.aml
15:191  0:004    11. 8CFEC000: 'ASF!', 'CB-01', Rev: 32, Len: 165 -> ASF!.aml
15:196  0:004    12. 8CFEB000: 'ASPT', 'CB-01', Rev: 7, Len: 52 -> ASPT.aml
15:201  0:004    13. 8CFEA000: 'BOOT', 'CB-01', Rev: 1, Len: 40 -> BOOT.aml
15:207  0:005    14. 8CFE9000: 'DBGP', 'CB-01', Rev: 1, Len: 52 -> DBGP.aml
15:212  0:005    15. 8CFE7000: 'HPET', 'CB-01', Rev: 1, Len: 56 -> HPET.aml
15:217  0:005    16. 8CFE6000: 'APIC', 'CB-01', Rev: 3, Len: 300 -> APIC.aml
15:223  0:005    17. 8CFE5000: 'MCFG', 'CB-01', Rev: 1, Len: 60 -> MCFG.aml
15:228  0:005    18. 8CFC6000: 'SSDT', 'CB-01', Rev: 2, Len: 1303 -> SSDT-6-CB-01.aml
15:233  0:005    19. 8CFC4000: 'SSDT', 'CB-01', Rev: 2, Len: 4577 -> SSDT-7-CB-01.aml
15:238  0:005    20. 8CFC2000: 'LPIT', 'CB-01', Rev: 1, Len: 148 -> LPIT.aml
15:244  0:005    21. 8CFC1000: 'WSMT', 'CB-01', Rev: 1, Len: 40 -> WSMT.aml
15:250  0:005    22. 8CFC0000: 'SSDT', 'CB-01', Rev: 2, Len: 671 -> SSDT-8-CB-01.aml
15:255  0:005    23. 8CFBF000: 'SSDT', 'CB-01', Rev: 1, Len: 838 -> SSDT-9-CB-01.aml
15:261  0:005    24. 8CFBB000: 'SSDT', 'CB-01', Rev: 2, Len: 12290 -> SSDT-10-CB-01.aml
15:266  0:005    25. 8CFBA000: 'SSDT', 'CB-01', Rev: 2, Len: 1310 -> SSDT-11-CB-01.aml
15:271  0:005    26. 8CFB9000: 'DBGP', 'CB-01', Rev: 1, Len: 52 -> DBGP.aml
15:279  0:008    27. 8CFB8000: 'DBG2', 'CB-01', Rev: 0, Len: 84 -> DBG2.aml
15:285  0:005    28. 8CFB6000: 'SSDT', 'CB-01', Rev: 2, Len: 4838 -> SSDT-12-CB-01.aml
15:290  0:005    29. 8CFB4000: 'SSDT', 'CB-01', Rev: 2, Len: 6062 -> SSDT-13-CB-01.aml (Found hidden SSDT 7 pcs)
15:296  0:005        * 8C75A018: 'SSDT', 'Cpu0Ist', Rev: 2, Len: 1419  53 53 44 54 8B 05 00 00 02 63 50 6D 52 65 66 00 Internal length = 1419 -> SSDT-x13_0-Cpu0Ist.aml
15:301  0:005        * 8C759018: 'SSDT', 'ApIst', Rev: 2, Len: 3348  53 53 44 54 14 0D 00 00 02 2A 50 6D 52 65 66 00 Internal length = 3348 -> SSDT-x13_1-ApIst.aml
15:306  0:005        * 8C75A898: 'SSDT', 'Cpu0Cst', Rev: 2, Len: 1023  53 53 44 54 FF 03 00 00 02 11 50 6D 52 65 66 00 Internal length = 1023 -> SSDT-x13_2-Cpu0Cst.aml
15:312  0:005        * 8C885418: 'SSDT', 'ApCst', Rev: 2, Len: 778  53 53 44 54 0A 03 00 00 02 93 50 6D 52 65 66 00 Internal length = 778 -> SSDT-x13_3-ApCst.aml
15:317  0:005        * 7CEDFE58: 'SSDT', 'Cpu0Hwp', Rev: 2, Len: 186  53 53 44 54 BA 00 00 00 02 7D 50 6D 52 65 66 00 Internal length = 186 -> SSDT-x13_4-Cpu0Hwp.aml
15:322  0:005        * 7CEE1018: 'SSDT', 'ApHwp', Rev: 2, Len: 791  53 53 44 54 17 03 00 00 02 80 50 6D 52 65 66 00 Internal length = 791 -> SSDT-x13_5-ApHwp.aml
15:328  0:005        * 7CEDD558: 'SSDT', 'HwpLvt', Rev: 2, Len: 1576  53 53 44 54 28 06 00 00 02 85 50 6D 52 65 66 00 Internal length = 1576 -> SSDT-x13_6-HwpLvt.aml
15:334  0:005  
15:334  0:000    30. 8CFB3000: 'DMAR', 'CB-01', Rev: 1, Len: 168 -> DMAR.aml
15:339  0:005    31. 8CFB2000: 'FPDT', 'CB-01', Rev: 1, Len: 68 -> FPDT.aml
15:345  0:005    32. 8CFB1000: 'BGRT', 'CB-01', Rev: 1, Len: 56 -> BGRT.aml
15:350  0:005    Tables in Rsdt: 33
15:350  0:000    0. 8CFE8000: 'FACP', 'CB-01', Rev: 5, Len: 268
15:350  0:000        (Dsdt: 8CFC7000, Facs: 8CF57000, XDsdt: 8CFC7000, XFacs: 0)
15:350  0:000        8CFC7000: 'DSDT', 'CB-01', Rev: 2, Len: 120485
15:352  0:001        8CF57000: 'FACS', Ver: 2, Len: 64
15:352  0:000    1. 8CFFC000: 'UEFI', 'CB-01', Rev: 1, Len: 566
15:352  0:000    2. 8CFFB000: 'UEFI', 'CB-01', Rev: 1, Len: 66
15:352  0:000    3. 8CFFA000: 'MSDM', 'CB-01', Rev: 3, Len: 85
15:352  0:000    4. 8CFF9000: 'SSDT', 'CB-01', Rev: 2, Len: 1219
15:352  0:000    5. 8CFF8000: 'SSDT', 'CB-01', Rev: 2, Len: 70
15:352  0:000    6. 8CFF7000: 'TPM2', 'CB-01', Rev: 3, Len: 52
15:352  0:000    7. 8CFF3000: 'SSDT', 'CB-01', Rev: 2, Len: 12587
15:352  0:000    8. 8CFEF000: 'SSDT', 'CB-01', Rev: 2, Len: 14796
15:352  0:000    9. 8CFEE000: 'SSDT', 'CB-01', Rev: 2, Len: 100
15:352  0:000    10. 8CFED000: 'SSDT', 'CB-01', Rev: 2, Len: 2602
15:352  0:000    11. 8CFEC000: 'ASF!', 'CB-01', Rev: 32, Len: 165
15:352  0:000    12. 8CFEB000: 'ASPT', 'CB-01', Rev: 7, Len: 52
15:352  0:000    13. 8CFEA000: 'BOOT', 'CB-01', Rev: 1, Len: 40
15:352  0:000    14. 8CFE9000: 'DBGP', 'CB-01', Rev: 1, Len: 52
15:352  0:000    15. 8CFE7000: 'HPET', 'CB-01', Rev: 1, Len: 56
15:352  0:000    16. 8CFE6000: 'APIC', 'CB-01', Rev: 3, Len: 300
15:352  0:000    17. 8CFE5000: 'MCFG', 'CB-01', Rev: 1, Len: 60
15:352  0:000    18. 8CFC6000: 'SSDT', 'CB-01', Rev: 2, Len: 1303
15:352  0:000    19. 8CFC4000: 'SSDT', 'CB-01', Rev: 2, Len: 4577
15:352  0:000    20. 8CFC2000: 'LPIT', 'CB-01', Rev: 1, Len: 148
15:352  0:000    21. 8CFC1000: 'WSMT', 'CB-01', Rev: 1, Len: 40
15:352  0:000    22. 8CFC0000: 'SSDT', 'CB-01', Rev: 2, Len: 671
15:352  0:000    23. 8CFBF000: 'SSDT', 'CB-01', Rev: 1, Len: 838
15:352  0:000    24. 8CFBB000: 'SSDT', 'CB-01', Rev: 2, Len: 12290
15:352  0:000    25. 8CFBA000: 'SSDT', 'CB-01', Rev: 2, Len: 1310
15:352  0:000    26. 8CFB9000: 'DBGP', 'CB-01', Rev: 1, Len: 52
15:352  0:000    27. 8CFB8000: 'DBG2', 'CB-01', Rev: 0, Len: 84
15:352  0:000    28. 8CFB6000: 'SSDT', 'CB-01', Rev: 2, Len: 4838
15:352  0:000    29. 8CFB4000: 'SSDT', 'CB-01', Rev: 2, Len: 6062
15:352  0:000    30. 8CFB3000: 'DMAR', 'CB-01', Rev: 1, Len: 168
15:352  0:000    31. 8CFB2000: 'FPDT', 'CB-01', Rev: 1, Len: 68
15:352  0:000    32. 8CFB1000: 'BGRT', 'CB-01', Rev: 1, Len: 56
36:356  21:004  BootVariable of the entry is empty
36:356  0:000  === [ StartLoader ] =======================================
36:356  0:000  Finally: ExternalClock=25MHz BusSpeed=99785kHz CPUFreq=1796MHz PIS: hw.busfrequency=100000000Hz
36:357  0:001  Loading boot.efi  status=Success
36:405  0:048  GetOSVersion: 10.14.4 (18E227)
36:405  0:000  CSR_CFG: CSR_ALLOW_UNTRUSTED_KEXTS | CSR_ALLOW_UNRESTRICTED_FS | CSR_ALLOW_TASK_FOR_PID | CSR_ALLOW_UNRESTRICTED_DTRACE | CSR_ALLOW_UNRESTRICTED_NVRAM
36:405  0:000  Filtering KernelPatches:
36:405  0:000   - [00]: MSR 0xE2 _xcpm_idle instant reboot(c) Pike R. Alpha :: [OS: 10.14.4 | MatchOS: All | MatchBuild: no] ==> allowed by OS
36:405  0:000   - [01]: Disable panic kext logging on 10.13 release kernel (credit vit9696) :: [OS: 10.14.4 | MatchOS: 10.13.x | MatchBuild: no] ==> not allowed by OS
36:405  0:000   - [02]: Disable panic kext logging on 10.14 release kernel (credit vit9696) :: [OS: 10.14.4 | MatchOS: 10.14.x | MatchBuild: no] ==> allowed by OS
36:405  0:000  Will not patch boot.efi
36:405  0:000  === [ PatchSmbios ] =======================================
36:405  0:000  insert table 9 for dev 0:0
36:406  0:000  Trusting SMBIOS...
36:406  0:000  Detected alternating SMBIOS channel banks
36:406  0:000  Channels: 1
36:406  0:000  Interleave: 0 1 2 3 4 5 6 7 8 9 10 11 12 13 14 15 16 17 18 19 20 21 22 23
36:406  0:000   partNum=M471A5244CB0-CTD    
36:406  0:000  SMBIOS Type 17 Index = 0 => 0 0:
36:406  0:000  BANK 0 DIMM0 2400MHz 4096MB
36:406  0:000   partNum=CB4GS2400.C8FT      
36:406  0:000  SMBIOS Type 17 Index = 1 => 1 1:
36:406  0:000  BANK 0 DIMM1 2400MHz 4096MB
36:406  0:000  mTotalSystemMemory = 8192
36:406  0:000  NumberOfMemoryDevices = 2
36:406  0:000  Type20[0]->End = 0x3FFFFF, Type17[0] = 0x1000
36:406  0:000  Type20[1]->End = 0x3FFFFF, Type17[1] = 0x3000
36:406  0:000  Table 131 is present, CPUType=10
36:406  0:000  Change to: 605
36:406  0:000  Table 133 is present, PlatformFeature=4F484B01
36:406  0:000  Change to: 1A
36:406  0:000  === [ PatchACPI ] =========================================
36:406  0:000  Xsdt reallocation done
36:406  0:000  old FADT length=10C
36:406  0:000   SignatureFixup: 0x73C89879 -> 0x0
36:406  0:000  Apply DsdtFixMask=0x00000000
36:406  0:000     drop _DSM mask=0x0000
36:406  0:000  === [ FixBiosDsdt ] =======================================
36:407  0:000  Patching DSDT:
36:407  0:000   - [change OSID to XSID (to avoid match against _OSI XOSI patch)]: disabled
36:407  0:000   - [change _OSI to XOSI]: disabled
36:407  0:000   - [change _DSM to XDSM]: disabled
36:407  0:000   - [change EC0 to EC]: disabled
36:407  0:000   - [change H_EC to EC]: disabled
36:407  0:000   - [change ECDV to EC]: disabled
36:407  0:000   - [change HDAS to HDEF]: pattern 48444153, patched at: [ (2A4) (12) (12) (4441) (15D5) (84) (D) (2B) (32) (4F) (6F) (C3) ]
36:407  0:000   - [change HECI to IMEI]: pattern 48454349, patched at: [ (10284) ]
36:407  0:000   - [change MEI to IMEI]: pattern 4D45495F, bin not found / already patched!
36:407  0:000   - [change GFX0 to IGPU]: pattern 47465830, patched at: [ (51) (E) (12) (12) (12) (70) (12) (12) (2C4) (1F) (9) (1E8) (12) (2FD1) (CDF6) (549) (23) (2C) (8F) (3C) (20) (131) (1BE7) (186C) (27) (1E47) (1B23) (14) ]
36:407  0:000    0 replacements
36:407  0:000  PreCleanup XSDT: count=33, length=300
36:407  0:000  PreCleanup XSDT, corrected XSDT: count=33, length=300
36:407  0:000  === [ ACPIDropTables ] ====================================
36:407  0:000  Drop tables from XSDT, SIGN=DMAR TableID=CB-01    Length=168
36:408  0:000   Table[30]: DMAR  CB-01     168 dropped
36:408  0:000  0. [change OSID to XSID (to avoid match against _OSI XOSI patch)]: disabled
36:408  0:000  1. [change _OSI to XOSI]: disabled
36:408  0:000  2. [change _DSM to XDSM]: disabled
36:408  0:000  3. [change EC0 to EC]: disabled
36:408  0:000  4. [change H_EC to EC]: disabled
36:408  0:000  5. [change ECDV to EC]: disabled
36:408  0:000  6. [change HDAS to HDEF]: pattern 48444153, bin not found / already patched!
36:408  0:000  7. [change HECI to IMEI]: pattern 48454349, bin not found / already patched!
36:408  0:000  8. [change MEI to IMEI]: pattern 4D45495F, bin not found / already patched!
36:408  0:000  9. [change GFX0 to IGPU]: pattern 47465830, bin not found / already patched!
36:408  0:000    0 replacements
36:408  0:000  Found OperationRegion(FHCI, SystemMemory, FED40000, ...)
36:408  0:000  Found OperationRegion(TNVS, SystemMemory, 8CF6D000, ...)
36:408  0:000  0. [change OSID to XSID (to avoid match against _OSI XOSI patch)]: disabled
36:408  0:000  1. [change _OSI to XOSI]: disabled
36:408  0:000  2. [change _DSM to XDSM]: disabled
36:408  0:000  3. [change EC0 to EC]: disabled
36:408  0:000  4. [change H_EC to EC]: disabled
36:408  0:000  5. [change ECDV to EC]: disabled
36:408  0:000  6. [change HDAS to HDEF]: pattern 48444153, bin not found / already patched!
36:408  0:000  7. [change HECI to IMEI]: pattern 48454349, bin not found / already patched!
36:408  0:000  8. [change MEI to IMEI]: pattern 4D45495F, bin not found / already patched!
36:408  0:000  9. [change GFX0 to IGPU]: pattern 47465830, bin not found / already patched!
36:408  0:000    0 replacements
36:408  0:000  Found OperationRegion(MENV, SystemMemory, 8CF70FD8, ...)
36:408  0:000  0. [change OSID to XSID (to avoid match against _OSI XOSI patch)]: disabled
36:408  0:000  1. [change _OSI to XOSI]: disabled
36:408  0:000  2. [change _DSM to XDSM]: disabled
36:408  0:000  3. [change EC0 to EC]: disabled
36:408  0:000  4. [change H_EC to EC]: disabled
36:408  0:000  5. [change ECDV to EC]: disabled
36:408  0:000  6. [change HDAS to HDEF]: pattern 48444153, bin not found / already patched!
36:408  0:000  7. [change HECI to IMEI]: pattern 48454349, bin not found / already patched!
36:408  0:000  8. [change MEI to IMEI]: pattern 4D45495F, bin not found / already patched!
36:408  0:000  9. [change GFX0 to IGPU]: pattern 47465830, patched at: [ (2D) (16) (46) (26B) (1C9B) (A3A) (1D) (6EC) ]
36:408  0:000    0 replacements
36:408  0:000  Found OperationRegion(SANV, SystemMemory, 8CF6CBD8, ...)
36:408  0:000  0. [change OSID to XSID (to avoid match against _OSI XOSI patch)]: disabled
36:408  0:000  1. [change _OSI to XOSI]: disabled
36:408  0:000  2. [change _DSM to XDSM]: disabled
36:408  0:000  3. [change EC0 to EC]: disabled
36:408  0:000  4. [change H_EC to EC]: disabled
36:408  0:000  5. [change ECDV to EC]: disabled
36:408  0:000  6. [change HDAS to HDEF]: pattern 48444153, bin not found / already patched!
36:408  0:000  7. [change HECI to IMEI]: pattern 48454349, bin not found / already patched!
36:408  0:000  8. [change MEI to IMEI]: pattern 4D45495F, bin not found / already patched!
36:408  0:000  9. [change GFX0 to IGPU]: pattern 47465830, bin not found / already patched!
36:408  0:000    0 replacements
36:408  0:000  0. [change OSID to XSID (to avoid match against _OSI XOSI patch)]: disabled
36:408  0:000  1. [change _OSI to XOSI]: disabled
36:408  0:000  2. [change _DSM to XDSM]: disabled
36:408  0:000  3. [change EC0 to EC]: disabled
36:408  0:000  4. [change H_EC to EC]: disabled
36:408  0:000  5. [change ECDV to EC]: disabled
36:408  0:000  6. [change HDAS to HDEF]: pattern 48444153, bin not found / already patched!
36:408  0:000  7. [change HECI to IMEI]: pattern 48454349, bin not found / already patched!
36:408  0:000  8. [change MEI to IMEI]: pattern 4D45495F, bin not found / already patched!
36:408  0:000  9. [change GFX0 to IGPU]: pattern 47465830, bin not found / already patched!
36:408  0:000    0 replacements
36:408  0:000  0. [change OSID to XSID (to avoid match against _OSI XOSI patch)]: disabled
36:408  0:000  1. [change _OSI to XOSI]: disabled
36:408  0:000  2. [change _DSM to XDSM]: disabled
36:408  0:000  3. [change EC0 to EC]: disabled
36:408  0:000  4. [change H_EC to EC]: disabled
36:408  0:000  5. [change ECDV to EC]: disabled
36:408  0:000  6. [change HDAS to HDEF]: pattern 48444153, bin not found / already patched!
36:408  0:000  7. [change HECI to IMEI]: pattern 48454349, bin not found / already patched!
36:408  0:000  8. [change MEI to IMEI]: pattern 4D45495F, bin not found / already patched!
36:408  0:000  9. [change GFX0 to IGPU]: pattern 47465830, bin not found / already patched!
36:408  0:000    0 replacements
36:408  0:000  0. [change OSID to XSID (to avoid match against _OSI XOSI patch)]: disabled
36:408  0:000  1. [change _OSI to XOSI]: disabled
36:408  0:000  2. [change _DSM to XDSM]: disabled
36:408  0:000  3. [change EC0 to EC]: disabled
36:408  0:000  4. [change H_EC to EC]: disabled
36:408  0:000  5. [change ECDV to EC]: disabled
36:408  0:000  6. [change HDAS to HDEF]: pattern 48444153, bin not found / already patched!
36:408  0:000  7. [change HECI to IMEI]: pattern 48454349, bin not found / already patched!
36:408  0:000  8. [change MEI to IMEI]: pattern 4D45495F, bin not found / already patched!
36:408  0:000  9. [change GFX0 to IGPU]: pattern 47465830, bin not found / already patched!
36:408  0:000    0 replacements
36:408  0:000  0. [change OSID to XSID (to avoid match against _OSI XOSI patch)]: disabled
36:408  0:000  1. [change _OSI to XOSI]: disabled
36:408  0:000  2. [change _DSM to XDSM]: disabled
36:408  0:000  3. [change EC0 to EC]: disabled
36:408  0:000  4. [change H_EC to EC]: disabled
36:408  0:000  5. [change ECDV to EC]: disabled
36:408  0:000  6. [change HDAS to HDEF]: pattern 48444153, bin not found / already patched!
36:408  0:000  7. [change HECI to IMEI]: pattern 48454349, bin not found / already patched!
36:408  0:000  8. [change MEI to IMEI]: pattern 4D45495F, bin not found / already patched!
36:408  0:000  9. [change GFX0 to IGPU]: pattern 47465830, bin not found / already patched!
36:408  0:000    0 replacements
36:408  0:000  0. [change OSID to XSID (to avoid match against _OSI XOSI patch)]: disabled
36:408  0:000  1. [change _OSI to XOSI]: disabled
36:408  0:000  2. [change _DSM to XDSM]: disabled
36:408  0:000  3. [change EC0 to EC]: disabled
36:408  0:000  4. [change H_EC to EC]: disabled
36:408  0:000  5. [change ECDV to EC]: disabled
36:408  0:000  6. [change HDAS to HDEF]: pattern 48444153, bin not found / already patched!
36:408  0:000  7. [change HECI to IMEI]: pattern 48454349, bin not found / already patched!
36:408  0:000  8. [change MEI to IMEI]: pattern 4D45495F, bin not found / already patched!
36:408  0:000  9. [change GFX0 to IGPU]: pattern 47465830, bin not found / already patched!
36:408  0:000    0 replacements
36:408  0:000  0. [change OSID to XSID (to avoid match against _OSI XOSI patch)]: disabled
36:408  0:000  1. [change _OSI to XOSI]: disabled
36:408  0:000  2. [change _DSM to XDSM]: disabled
36:408  0:000  3. [change EC0 to EC]: disabled
36:408  0:000  4. [change H_EC to EC]: disabled
36:408  0:000  5. [change ECDV to EC]: disabled
36:408  0:000  6. [change HDAS to HDEF]: pattern 48444153, bin not found / already patched!
36:408  0:000  7. [change HECI to IMEI]: pattern 48454349, bin not found / already patched!
36:408  0:000  8. [change MEI to IMEI]: pattern 4D45495F, bin not found / already patched!
36:408  0:000  9. [change GFX0 to IGPU]: pattern 47465830, bin not found / already patched!
36:408  0:000    0 replacements
36:408  0:000  0. [change OSID to XSID (to avoid match against _OSI XOSI patch)]: disabled
36:408  0:000  1. [change _OSI to XOSI]: disabled
36:408  0:000  2. [change _DSM to XDSM]: disabled
36:408  0:000  3. [change EC0 to EC]: disabled
36:408  0:000  4. [change H_EC to EC]: disabled
36:408  0:000  5. [change ECDV to EC]: disabled
36:408  0:000  6. [change HDAS to HDEF]: pattern 48444153, bin not found / already patched!
36:408  0:000  7. [change HECI to IMEI]: pattern 48454349, bin not found / already patched!
36:408  0:000  8. [change MEI to IMEI]: pattern 4D45495F, bin not found / already patched!
36:408  0:000  9. [change GFX0 to IGPU]: pattern 47465830, bin not found / already patched!
36:408  0:000    0 replacements
36:408  0:000  0. [change OSID to XSID (to avoid match against _OSI XOSI patch)]: disabled
36:408  0:000  1. [change _OSI to XOSI]: disabled
36:408  0:000  2. [change _DSM to XDSM]: disabled
36:408  0:000  3. [change EC0 to EC]: disabled
36:408  0:000  4. [change H_EC to EC]: disabled
36:408  0:000  5. [change ECDV to EC]: disabled
36:408  0:000  6. [change HDAS to HDEF]: pattern 48444153, bin not found / already patched!
36:408  0:000  7. [change HECI to IMEI]: pattern 48454349, bin not found / already patched!
36:408  0:000  8. [change MEI to IMEI]: pattern 4D45495F, bin not found / already patched!
36:408  0:000  9. [change GFX0 to IGPU]: pattern 47465830, bin not found / already patched!
36:408  0:000    0 replacements
36:408  0:000  0. [change OSID to XSID (to avoid match against _OSI XOSI patch)]: disabled
36:408  0:000  1. [change _OSI to XOSI]: disabled
36:408  0:000  2. [change _DSM to XDSM]: disabled
36:408  0:000  3. [change EC0 to EC]: disabled
36:408  0:000  4. [change H_EC to EC]: disabled
36:408  0:000  5. [change ECDV to EC]: disabled
36:408  0:000  6. [change HDAS to HDEF]: pattern 48444153, bin not found / already patched!
36:408  0:000  7. [change HECI to IMEI]: pattern 48454349, bin not found / already patched!
36:408  0:000  8. [change MEI to IMEI]: pattern 4D45495F, bin not found / already patched!
36:408  0:000  9. [change GFX0 to IGPU]: pattern 47465830, bin not found / already patched!
36:408  0:000    0 replacements
36:408  0:000  0. [change OSID to XSID (to avoid match against _OSI XOSI patch)]: disabled
36:408  0:000  1. [change _OSI to XOSI]: disabled
36:408  0:000  2. [change _DSM to XDSM]: disabled
36:408  0:000  3. [change EC0 to EC]: disabled
36:408  0:000  4. [change H_EC to EC]: disabled
36:408  0:000  5. [change ECDV to EC]: disabled
36:408  0:000  6. [change HDAS to HDEF]: pattern 48444153, bin not found / already patched!
36:408  0:000  7. [change HECI to IMEI]: pattern 48454349, bin not found / already patched!
36:408  0:000  8. [change MEI to IMEI]: pattern 4D45495F, bin not found / already patched!
36:408  0:000  9. [change GFX0 to IGPU]: pattern 47465830, bin not found / already patched!
36:408  0:000    0 replacements
36:408  0:000  Found OperationRegion(PNVS, SystemMemory, 73C67000, ...)
36:408  0:000  CPUBase=0 and ApicCPUBase=1 ApicCPUNum=16
36:408  0:000  Maximum control=0x12
36:408  0:000  Turbo control=0x22
36:408  0:000  P-States: min 0x4, max 0x22
36:408  0:000  SSDT with plugin-type without P-States is generated
36:408  0:000  Cleanup XSDT: count=34, length=308
36:408  0:000  corrected XSDT count=33, length=300
36:408  0:000  === [ RestSetup macOS ] ===================================
36:408  0:000  EdidDiscovered size=128
36:408  0:000  --- Discovered EDID Table size:128
36:408  0:000  000  |  00  FF  FF  FF  FF  FF  FF  00  09  E5
36:408  0:000  010  |  F2  06  00  00  00  00  20  1A  01  04
36:408  0:000  020  |  A5  1F  11  78  02  FB  90  95  5D  59
36:408  0:000  030  |  94  29  23  50  54  00  00  00  01  01
36:408  0:000  040  |  01  01  01  01  01  01  01  01  01  01
36:408  0:000  050  |  01  01  01  01  3C  37  80  DE  70  38
36:408  0:000  060  |  14  40  30  20  36  00  35  AD  10  00
36:408  0:000  070  |  00  1A  00  00  00  00  00  00  00  00
36:408  0:000  080  |  00  00  00  00  00  00  00  00  00  1A
36:408  0:000  090  |  00  00  00  FE  00  42  4F  45  20  43
36:408  0:000  100  |  51  0A  20  20  20  20  20  20  00  00
36:408  0:000  110  |  00  FE  00  4E  56  31  34  30  46  48
36:408  0:000  120  |  4D  2D  4E  34  38  0A  00  5A
36:408  0:000  add device: PciRoot(0x0)/Pci(0x1F,0x3)
36:408  0:000     Add key=layout-id valuelen=4
36:408  0:000  add device: PciRoot(0x0)/Pci(0x2,0x0)
36:408  0:000     Add key=framebuffer-stolenmem valuelen=4
36:408  0:000     Add key=framebuffer-patch-enable valuelen=4
36:408  0:000     Add key=framebuffer-fbmem valuelen=4
36:408  0:000     Add key=device-id valuelen=4
36:408  0:000     Add key=AAPL,ig-platform-id valuelen=4
36:408  0:000  Intel GFX injection not set
36:408  0:000   RCBA disabled; cannot use it
36:409  0:000   setting specified layout-id=3 (0x3)
36:409  0:000  stringlength = 1672
36:409  0:000  CurrentMode: Width=1920 Height=1080
36:409  0:000  Beginning FSInjection
FSInjectionInstall ...
- Our FSI_SIMPLE_FILE_SYSTEM_PROTOCOL installed on handle: 7C01AA58
FSInjectionInstall ...
- Our FSI_SIMPLE_FILE_SYSTEM_PROTOCOL installed on handle: 7C01AA58
36:411  0:002  Use origin smbios table type 1 guid.
36:411  0:000    Force kext: System\Library\Extensions\IONetworkingFamily.kext
36:417  0:005      Force PlugIn kext: System\Library\Extensions\IONetworkingFamily.kext\Contents\PlugIns\nvenet.kext
36:418  0:001      Force PlugIn kext: System\Library\Extensions\IONetworkingFamily.kext\Contents\PlugIns\AppleEthernetAquantiaAqtion.kext
36:420  0:001      Force PlugIn kext: System\Library\Extensions\IONetworkingFamily.kext\Contents\PlugIns\AppleBCM5701Ethernet.kext
36:423  0:003      Force PlugIn kext: System\Library\Extensions\IONetworkingFamily.kext\Contents\PlugIns\AppleIntelI210Ethernet.kext
36:425  0:001      Force PlugIn kext: System\Library\Extensions\IONetworkingFamily.kext\Contents\PlugIns\Intel82574L.kext
36:426  0:001      Force PlugIn kext: System\Library\Extensions\IONetworkingFamily.kext\Contents\PlugIns\IOEthernetAVBController.kext
36:427  0:001      Force PlugIn kext: System\Library\Extensions\IONetworkingFamily.kext\Contents\PlugIns\AppleYukon2.kext
36:429  0:001      Force PlugIn kext: System\Library\Extensions\IONetworkingFamily.kext\Contents\PlugIns\AppleEthernetAquantiaAqtionFirmware.kext
36:431  0:002      Force PlugIn kext: System\Library\Extensions\IONetworkingFamily.kext\Contents\PlugIns\AppleIntel8254XEthernet.kext
36:432  0:001      Force PlugIn kext: System\Library\Extensions\IONetworkingFamily.kext\Contents\PlugIns\AppleVmxnet3Ethernet.kext
36:434  0:001      Force PlugIn kext: System\Library\Extensions\IONetworkingFamily.kext\Contents\PlugIns\mDNSOffloadUserClient.kext
36:435  0:001  Preparing kexts injection for arch=x86_64 from EFI\CLOVER\kexts\Other
36:435  0:000  Extra kext: EFI\CLOVER\kexts\Other\VirtualSMC.kext (v.1.0.3)
36:439  0:004  Custom boot screen not used because entry has unset use graphics
36:440  0:001  Closing log
